<!DOCTYPE html PUBLIC "-//W3C//DTD XHTML 1.1//EN" "https://www.w3.org/TR/xhtml11/DTD/xhtml11.dtd">
<html xmlns="https://www.w3.org/1999/xhtml">
<head>
<meta charset='utf-8'>
<title>TestNG Report</title>
<style type="text/css">
table {margin-bottom:10px;border-collapse:collapse;empty-cells:show}
td,th {border:1px solid #009;padding:.25em .5em}
.result th {vertical-align:bottom}
.param th {padding-left:1em;padding-right:1em}
.param td {padding-left:.5em;padding-right:2em}
.stripe td,.stripe th {background-color: #E6EBF9}
.numi,.numi_attn {text-align:right}
.total td {font-weight:bold}
.passedodd td {background-color: #0A0}
.passedeven td {background-color: #3F3}
.skippedodd td {background-color: #CCC}
.skippedodd td {background-color: #DDD}
.failedodd td,.numi_attn {background-color: #F33}
.failedeven td,.stripe .numi_attn {background-color: #D00}
.stacktrace {white-space:pre;font-family:monospace}
.totop {font-size:85%;text-align:center;border-bottom:2px solid #000}
</style>
</head>
<body>
<table cellspacing="0" cellpadding="0" class="testOverview">
<tr><th>Test</th><th>Methods<br/>Passed</th><th>Scenarios<br/>Passed</th><th># skipped</th><th># failed</th><th>Total<br/>Time</th><th>Included<br/>Groups</th><th>Excluded<br/>Groups</th></tr>
<tr><td style="text-align:left;padding-right:2em"><a href="#t1">Smoke Test</a></td><td class="numi">25</td><td class="numi">23</td><td class="numi">0</td><td class="numi_attn">7</td><td class="numi">59.4 seconds</td><td class="numi"></td><td class="numi"></td></tr>
</table>
<table cellspacing="0" cellpadding="0" class="methodOverview" id="summary">
<tr><th>Class</th><th>Method</th><th># of<br/>Scenarios</th><th>Start</th><th>Time<br/>(ms)</th></tr>
<tr id="t1"><th colspan="5">Smoke Test &#8212; failed</th></tr>
<tr class="failedodd"><td rowspan="7">TestCheckout</td><td><a href="#m1"><b>UserInformationPage</b>  </a></td><td class="numi">2</td><td>1730216294410</td><td class="numi">4947</td></tr><tr class="failedodd"><td><a href="#m2"><b>UserInformationPage</b>  </a></td><td class="numi">2</td><td>1730216294410</td><td class="numi">4947</td></tr><tr class="failedodd"><td><a href="#m3"><b>UserInformationPage</b>  </a></td><td class="numi">2</td><td>1730216294410</td><td class="numi">4947</td></tr><tr class="failedodd"><td><a href="#m4"><b>UserInformationPage</b>  </a></td><td class="numi">2</td><td>1730216294410</td><td class="numi">4947</td></tr><tr class="failedodd"><td><a href="#m5"><b>UserInformationPage</b>  </a></td><td class="numi">2</td><td>1730216294410</td><td class="numi">4947</td></tr><tr class="failedodd"><td><a href="#m6"><b>UserInformationPage</b>  </a></td><td class="numi">2</td><td>1730216294410</td><td class="numi">4947</td></tr><tr class="failedodd"><td><a href="#m7"><b>UserInformationPage</b>  </a></td><td class="numi">2</td><td>1730216294410</td><td class="numi">4947</td></tr>
<tr><th colspan="5">Smoke Test &#8212; passed</th></tr>
<tr class="passedodd"><td>TestCheckout</td><td><a href="#m8"><b>OverviewPage</b>  </a></td><td class="numi">1</td><td>1730216301012</td><td class="numi">264</td></tr>
<tr class="passedeven"><td>TestProducts</td><td><a href="#m9"><b>products</b>  </a></td><td class="numi">1</td><td>1730216292772</td><td class="numi">1634</td></tr>
<tr class="passedodd"><td>TestCheckout</td><td><a href="#m10"><b>UserInformationPage</b>  </a></td><td class="numi">5</td><td>1730216295467</td><td class="numi">5542</td></tr>
<tr class="passedeven"><td rowspan="2">TestLogin</td><td><a href="#m11"><b>validLoginSteps</b>  </a></td><td class="numi">5</td><td>1730216254092</td><td class="numi">7675</td></tr><tr class="passedeven"><td><a href="#m12"><b>invalidLoginSteps</b>  </a></td><td class="numi">6</td><td>1730216250060</td><td class="numi">4024</td></tr>
<tr class="passedodd"><td rowspan="2">TestCheckout</td><td><a href="#m13"><b>Logout</b>  </a></td><td class="numi">1</td><td>1730216301571</td><td class="numi">320</td></tr><tr class="passedodd"><td><a href="#m14"><b>UserInformationPage</b>  </a></td><td class="numi">5</td><td>1730216295467</td><td class="numi">5542</td></tr>
<tr class="passedeven"><td>TestLogin</td><td><a href="#m15"><b>validLoginSteps</b>  </a></td><td class="numi">5</td><td>1730216254092</td><td class="numi">7675</td></tr>
<tr class="passedodd"><td>TestCheckout</td><td><a href="#m16"><b>UserInformationPage</b>  </a></td><td class="numi">5</td><td>1730216295467</td><td class="numi">5542</td></tr>
<tr class="passedeven"><td rowspan="2">TestLogin</td><td><a href="#m17"><b>invalidLoginSteps</b>  </a></td><td class="numi">6</td><td>1730216250060</td><td class="numi">4024</td></tr><tr class="passedeven"><td><a href="#m18"><b>validLoginSteps</b>  </a></td><td class="numi">5</td><td>1730216254092</td><td class="numi">7675</td></tr>
<tr class="passedodd"><td>TestProducts</td><td><a href="#m19"><b>followUsLinks</b>  </a></td><td class="numi">1</td><td>1730216273357</td><td class="numi">19413</td></tr>
<tr class="passedeven"><td rowspan="3">TestLogin</td><td><a href="#m20"><b>invalidLoginSteps</b>  </a></td><td class="numi">6</td><td>1730216250060</td><td class="numi">4024</td></tr><tr class="passedeven"><td><a href="#m21"><b>validLoginSteps</b>  </a></td><td class="numi">5</td><td>1730216254092</td><td class="numi">7675</td></tr><tr class="passedeven"><td><a href="#m22"><b>invalidLoginSteps</b>  </a></td><td class="numi">6</td><td>1730216250060</td><td class="numi">4024</td></tr>
<tr class="passedodd"><td>TestProducts</td><td><a href="#m23"><b>dropdownMenu</b>  </a></td><td class="numi">1</td><td>1730216261770</td><td class="numi">796</td></tr>
<tr class="passedeven"><td rowspan="3">TestCheckout</td><td><a href="#m24"><b>UserInformationPage</b>  </a></td><td class="numi">5</td><td>1730216295467</td><td class="numi">5542</td></tr><tr class="passedeven"><td><a href="#m25"><b>UserInformationPage</b>  </a></td><td class="numi">5</td><td>1730216295467</td><td class="numi">5542</td></tr><tr class="passedeven"><td><a href="#m26"><b>CompletePage</b>  </a></td><td class="numi">1</td><td>1730216301278</td><td class="numi">290</td></tr>
<tr class="passedodd"><td rowspan="2">TestLogin</td><td><a href="#m27"><b>invalidLoginSteps</b>  </a></td><td class="numi">6</td><td>1730216250060</td><td class="numi">4024</td></tr><tr class="passedodd"><td><a href="#m28"><b>invalidLoginSteps</b>  </a></td><td class="numi">6</td><td>1730216250060</td><td class="numi">4024</td></tr>
<tr class="passedeven"><td>TestProducts</td><td><a href="#m29"><b>sidebarLinks</b>  </a></td><td class="numi">1</td><td>1730216262568</td><td class="numi">10785</td></tr>
<tr class="passedodd"><td>TestCheckout</td><td><a href="#m30"><b>UserInformationPage</b>  </a></td><td class="numi">5</td><td>1730216295467</td><td class="numi">5542</td></tr>
<tr class="passedeven"><td>TestLogin</td><td><a href="#m31"><b>validLoginSteps</b>  </a></td><td class="numi">5</td><td>1730216254092</td><td class="numi">7675</td></tr>
<tr class="passedodd"><td>TestCheckout</td><td><a href="#m32"><b>UserInformationPage</b>  </a></td><td class="numi">5</td><td>1730216295467</td><td class="numi">5542</td></tr>
</table>
<h1>Smoke Test</h1>
<h2 id="m1">TestCheckout:UserInformationPage</h2>
<table cellspacing="0" cellpadding="0" class="result">
<tr class="param"><th>Parameter #1</th><th>Parameter #2</th><th>Parameter #3</th></tr>
<tr class="param stripe"><td></td>
<td>Hassan</td>
<td>1234</td>
</tr>
<tr><td colspan="3">
<div class="stacktrace">org.openqa.selenium.NoSuchElementException: no such element: Unable to locate element: {&quot;method&quot;:&quot;xpath&quot;,&quot;selector&quot;:&quot;//*[@id=&quot;checkout_info_container&quot;]/div/form/div[1]/div[4]/h3/text()&quot;}
  (Session info: chrome=130.0.6723.70)
For documentation on this error, please visit: https://www.selenium.dev/documentation/webdriver/troubleshooting/errors#no-such-element-exception
Build info: version: &apos;4.18.1&apos;, revision: &apos;b1d3319b48&apos;
System info: os.name: &apos;Windows 10&apos;, os.arch: &apos;amd64&apos;, os.version: &apos;10.0&apos;, java.version: &apos;21.0.2&apos;
Driver info: org.openqa.selenium.chrome.ChromeDriver
Command: [c39349913220d710d487d08b556e4a07, findElement {value=//*[@id=&quot;checkout_info_container&quot;]/div/form/div[1]/div[4]/h3/text(), using=xpath}]
Capabilities {acceptInsecureCerts: false, browserName: chrome, browserVersion: 130.0.6723.70, chrome: {chromedriverVersion: 130.0.6723.69 (3ec172b971b9..., userDataDir: C:\Users\Hp\AppData\Local\T...}, fedcm:accounts: true, goog:chromeOptions: {debuggerAddress: localhost:60416}, networkConnectionEnabled: false, pageLoadStrategy: normal, platformName: windows, proxy: Proxy(), se:cdp: ws://localhost:60416/devtoo..., se:cdpVersion: 130.0.6723.70, setWindowRect: true, strictFileInteractability: false, timeouts: {implicit: 0, pageLoad: 300000, script: 30000}, unhandledPromptBehavior: dismiss and notify, webauthn:extension:credBlob: true, webauthn:extension:largeBlob: true, webauthn:extension:minPinLength: true, webauthn:extension:prf: true, webauthn:virtualAuthenticators: true}
Session ID: c39349913220d710d487d08b556e4a07
	at org.openqa.selenium.remote.ErrorCodec.decode(ErrorCodec.java:167)
	at org.openqa.selenium.remote.codec.w3c.W3CHttpResponseCodec.decode(W3CHttpResponseCodec.java:138)
	at org.openqa.selenium.remote.codec.w3c.W3CHttpResponseCodec.decode(W3CHttpResponseCodec.java:50)
	at org.openqa.selenium.remote.HttpCommandExecutor.execute(HttpCommandExecutor.java:190)
	at org.openqa.selenium.remote.service.DriverCommandExecutor.invokeExecute(DriverCommandExecutor.java:216)
	at org.openqa.selenium.remote.service.DriverCommandExecutor.execute(DriverCommandExecutor.java:174)
	at org.openqa.selenium.remote.RemoteWebDriver.execute(RemoteWebDriver.java:519)
	at org.openqa.selenium.remote.ElementLocation$ElementFinder$2.findElement(ElementLocation.java:165)
	at org.openqa.selenium.remote.ElementLocation.findElement(ElementLocation.java:59)
	at org.openqa.selenium.remote.RemoteWebDriver.findElement(RemoteWebDriver.java:356)
	at org.openqa.selenium.remote.RemoteWebDriver.findElement(RemoteWebDriver.java:350)
	at TestCheckout.UserInformationPage(TestCheckout.java:34)
	at java.base/java.util.ArrayList.forEach(ArrayList.java:1596)
	at com.intellij.rt.testng.IDEARemoteTestNG.run(IDEARemoteTestNG.java:65)
	at com.intellij.rt.testng.RemoteTestNGStarter.main(RemoteTestNGStarter.java:105)
... Removed 25 stack frames</div>
</td></tr>
</table>
<p class="totop"><a href="#summary">back to summary</a></p>
<h2 id="m2">TestCheckout:UserInformationPage</h2>
<table cellspacing="0" cellpadding="0" class="result">
<tr class="param"><th>Parameter #1</th><th>Parameter #2</th><th>Parameter #3</th></tr>
<tr class="param stripe"><td>Menna</td>
<td>Hasa&amp;</td>
<td>1234</td>
</tr>
<tr><td colspan="3">
<div class="stacktrace">org.openqa.selenium.NoSuchElementException: no such element: Unable to locate element: {&quot;method&quot;:&quot;xpath&quot;,&quot;selector&quot;:&quot;//*[@id=&quot;checkout_info_container&quot;]/div/form/div[1]/div[4]/h3/text()&quot;}
  (Session info: chrome=130.0.6723.70)
For documentation on this error, please visit: https://www.selenium.dev/documentation/webdriver/troubleshooting/errors#no-such-element-exception
Build info: version: &apos;4.18.1&apos;, revision: &apos;b1d3319b48&apos;
System info: os.name: &apos;Windows 10&apos;, os.arch: &apos;amd64&apos;, os.version: &apos;10.0&apos;, java.version: &apos;21.0.2&apos;
Driver info: org.openqa.selenium.chrome.ChromeDriver
Command: [c39349913220d710d487d08b556e4a07, findElement {value=//*[@id=&quot;checkout_info_container&quot;]/div/form/div[1]/div[4]/h3/text(), using=xpath}]
Capabilities {acceptInsecureCerts: false, browserName: chrome, browserVersion: 130.0.6723.70, chrome: {chromedriverVersion: 130.0.6723.69 (3ec172b971b9..., userDataDir: C:\Users\Hp\AppData\Local\T...}, fedcm:accounts: true, goog:chromeOptions: {debuggerAddress: localhost:60416}, networkConnectionEnabled: false, pageLoadStrategy: normal, platformName: windows, proxy: Proxy(), se:cdp: ws://localhost:60416/devtoo..., se:cdpVersion: 130.0.6723.70, setWindowRect: true, strictFileInteractability: false, timeouts: {implicit: 0, pageLoad: 300000, script: 30000}, unhandledPromptBehavior: dismiss and notify, webauthn:extension:credBlob: true, webauthn:extension:largeBlob: true, webauthn:extension:minPinLength: true, webauthn:extension:prf: true, webauthn:virtualAuthenticators: true}
Session ID: c39349913220d710d487d08b556e4a07
	at org.openqa.selenium.remote.ErrorCodec.decode(ErrorCodec.java:167)
	at org.openqa.selenium.remote.codec.w3c.W3CHttpResponseCodec.decode(W3CHttpResponseCodec.java:138)
	at org.openqa.selenium.remote.codec.w3c.W3CHttpResponseCodec.decode(W3CHttpResponseCodec.java:50)
	at org.openqa.selenium.remote.HttpCommandExecutor.execute(HttpCommandExecutor.java:190)
	at org.openqa.selenium.remote.service.DriverCommandExecutor.invokeExecute(DriverCommandExecutor.java:216)
	at org.openqa.selenium.remote.service.DriverCommandExecutor.execute(DriverCommandExecutor.java:174)
	at org.openqa.selenium.remote.RemoteWebDriver.execute(RemoteWebDriver.java:519)
	at org.openqa.selenium.remote.ElementLocation$ElementFinder$2.findElement(ElementLocation.java:165)
	at org.openqa.selenium.remote.ElementLocation.findElement(ElementLocation.java:59)
	at org.openqa.selenium.remote.RemoteWebDriver.findElement(RemoteWebDriver.java:356)
	at org.openqa.selenium.remote.RemoteWebDriver.findElement(RemoteWebDriver.java:350)
	at TestCheckout.UserInformationPage(TestCheckout.java:41)
	at java.base/java.util.ArrayList.forEach(ArrayList.java:1596)
	at com.intellij.rt.testng.IDEARemoteTestNG.run(IDEARemoteTestNG.java:65)
	at com.intellij.rt.testng.RemoteTestNGStarter.main(RemoteTestNGStarter.java:105)
... Removed 25 stack frames</div>
</td></tr>
</table>
<p class="totop"><a href="#summary">back to summary</a></p>
<h2 id="m3">TestLogin:invalidLoginSteps</h2>
<table cellspacing="0" cellpadding="0" class="result">
<tr class="param"><th>Parameter #1</th><th>Parameter #2</th></tr>
<tr class="param stripe"><td>standard_user</td>
<td>Test_pass</td>
</tr>
</table>
<p class="totop"><a href="#summary">back to summary</a></p>
<h2 id="m4">TestLogin:validLoginSteps</h2>
<table cellspacing="0" cellpadding="0" class="result">
<tr class="param"><th>Parameter #1</th><th>Parameter #2</th></tr>
<tr class="param stripe"><td>problem_user</td>
<td>secret_sauce</td>
</tr>
</table>
<p class="totop"><a href="#summary">back to summary</a></p>
<h2 id="m5">TestCheckout:OverviewPage</h2>
<p class="totop"><a href="#summary">back to summary</a></p>
<h2 id="m6">TestProducts:products</h2>
<p class="totop"><a href="#summary">back to summary</a></p>
<h2 id="m7">TestLogin:invalidLoginSteps</h2>
<table cellspacing="0" cellpadding="0" class="result">
<tr class="param"><th>Parameter #1</th><th>Parameter #2</th></tr>
<tr class="param stripe"><td>media_ss</td>
<td>Test_pass</td>
</tr>
</table>
<p class="totop"><a href="#summary">back to summary</a></p>
<h2 id="m8">TestProducts:dropdownMenu</h2>
<p class="totop"><a href="#summary">back to summary</a></p>
<h2 id="m9">TestCheckout:UserInformationPage</h2>
<table cellspacing="0" cellpadding="0" class="result">
<tr class="param"><th>Parameter #1</th><th>Parameter #2</th><th>Parameter #3</th></tr>
<tr class="param stripe"><td>Menna</td>
<td>Hasan</td>
<td>1234</td>
</tr>
</table>
<p class="totop"><a href="#summary">back to summary</a></p>
<h2 id="m10">TestLogin:validLoginSteps</h2>
<table cellspacing="0" cellpadding="0" class="result">
<tr class="param"><th>Parameter #1</th><th>Parameter #2</th></tr>
<tr class="param stripe"><td>visual_user</td>
<td>secret_sauce</td>
</tr>
</table>
<p class="totop"><a href="#summary">back to summary</a></p>
<h2 id="m11">TestCheckout:CompletePage</h2>
<p class="totop"><a href="#summary">back to summary</a></p>
<h2 id="m12">TestLogin:invalidLoginSteps</h2>
<table cellspacing="0" cellpadding="0" class="result">
<tr class="param"><th>Parameter #1</th><th>Parameter #2</th></tr>
<tr class="param stripe"><td>locked_out_user</td>
<td>secret_sauce</td>
</tr>
</table>
<p class="totop"><a href="#summary">back to summary</a></p>
<h2 id="m13">TestLogin:invalidLoginSteps</h2>
<table cellspacing="0" cellpadding="0" class="result">
<tr class="param"><th>Parameter #1</th><th>Parameter #2</th></tr>
<tr class="param stripe"><td>media_ss</td>
<td>secret_sauce</td>
</tr>
</table>
<p class="totop"><a href="#summary">back to summary</a></p>
<h2 id="m14">TestCheckout:Logout</h2>
<p class="totop"><a href="#summary">back to summary</a></p>
<h2 id="m15">TestLogin:invalidLoginSteps</h2>
<table cellspacing="0" cellpadding="0" class="result">
<tr class="param"><th>Parameter #1</th><th>Parameter #2</th></tr>
<tr class="param stripe"><td></td>
<td>secret_sauce</td>
</tr>
</table>
<p class="totop"><a href="#summary">back to summary</a></p>
<h2 id="m16">TestCheckout:UserInformationPage</h2>
<table cellspacing="0" cellpadding="0" class="result">
<tr class="param"><th>Parameter #1</th><th>Parameter #2</th><th>Parameter #3</th></tr>
<tr class="param stripe"><td>men_a</td>
<td>Hasan</td>
<td>1234</td>
</tr>
</table>
<p class="totop"><a href="#summary">back to summary</a></p>
<h2 id="m17">TestLogin:validLoginSteps</h2>
<table cellspacing="0" cellpadding="0" class="result">
<tr class="param"><th>Parameter #1</th><th>Parameter #2</th></tr>
<tr class="param stripe"><td>error_user</td>
<td>secret_sauce</td>
</tr>
</table>
<p class="totop"><a href="#summary">back to summary</a></p>
<h2 id="m18">TestProducts:sidebarLinks</h2>
<p class="totop"><a href="#summary">back to summary</a></p>
<h2 id="m19">TestCheckout:UserInformationPage</h2>
<table cellspacing="0" cellpadding="0" class="result">
<tr class="param"><th>Parameter #1</th><th>Parameter #2</th><th>Parameter #3</th></tr>
<tr class="param stripe"><td>Menna</td>
<td>Hasan</td>
<td>123%</td>
</tr>
</table>
<p class="totop"><a href="#summary">back to summary</a></p>
<h2 id="m20">TestCheckout:UserInformationPage</h2>
<table cellspacing="0" cellpadding="0" class="result">
<tr class="param"><th>Parameter #1</th><th>Parameter #2</th><th>Parameter #3</th></tr>
<tr class="param stripe"><td>Menna</td>
<td>Hasan</td>
<td></td>
</tr>
</table>
<p class="totop"><a href="#summary">back to summary</a></p>
<h2 id="m21">TestLogin:validLoginSteps</h2>
<table cellspacing="0" cellpadding="0" class="result">
<tr class="param"><th>Parameter #1</th><th>Parameter #2</th></tr>
<tr class="param stripe"><td>standard_user</td>
<td>secret_sauce</td>
</tr>
</table>
<p class="totop"><a href="#summary">back to summary</a></p>
<h2 id="m22">TestCheckout:UserInformationPage</h2>
<table cellspacing="0" cellpadding="0" class="result">
<tr class="param"><th>Parameter #1</th><th>Parameter #2</th><th>Parameter #3</th></tr>
<tr class="param stripe"><td>Menna</td>
<td></td>
<td>1234</td>
</tr>
</table>
<p class="totop"><a href="#summary">back to summary</a></p>
<h2 id="m23">TestLogin:invalidLoginSteps</h2>
<table cellspacing="0" cellpadding="0" class="result">
<tr class="param"><th>Parameter #1</th><th>Parameter #2</th></tr>
<tr class="param stripe"><td>standard_user</td>
<td></td>
</tr>
</table>
<p class="totop"><a href="#summary">back to summary</a></p>
<h2 id="m24">TestLogin:validLoginSteps</h2>
<table cellspacing="0" cellpadding="0" class="result">
<tr class="param"><th>Parameter #1</th><th>Parameter #2</th></tr>
<tr class="param stripe"><td>performance_glitch_user</td>
<td>secret_sauce</td>
</tr>
</table>
<p class="totop"><a href="#summary">back to summary</a></p>
<h2 id="m25">TestProducts:followUsLinks</h2>
<p class="totop"><a href="#summary">back to summary</a></p>
</body></html>
